<?xml version="1.0" encoding="UTF-8"?>
<!-- Generated by org.testng.reporters.JUnitXMLReporter -->
<testsuite ignored="0" hostname="DESKTOP-BU7KLGC" failures="0" tests="3" name="Default test" time="20.918" errors="0" timestamp="2023-01-07T23:10:26 IST">
  <testcase classname="org.inmaktest.ContactEx" name="tc1" time="20.239"/>
  <testcase classname="org.inmaktest.ContactEx" name="tc2" time="0.003"/>
  <testcase classname="org.inmaktest.ContactEx" name="tc3" time="0.593"/>
</testsuite> <!-- Default test -->
