<?xml version="1.0" encoding="UTF-8"?>
<testng-results ignored="0" total="3" passed="3" failed="0" skipped="0">
  <reporter-output>
  </reporter-output>
  <suite started-at="2023-01-07T23:10:05 IST" name="Default suite" finished-at="2023-01-07T23:10:26 IST" duration-ms="20918">
    <groups>
    </groups>
    <test started-at="2023-01-07T23:10:05 IST" name="Default test" finished-at="2023-01-07T23:10:26 IST" duration-ms="20918">
      <class name="org.inmaktest.ContactEx">
        <test-method signature="tc1()[pri:0, instance:org.inmaktest.ContactEx@62150f9e]" started-at="2023-01-07T23:10:05 IST" name="tc1" finished-at="2023-01-07T23:10:25 IST" duration-ms="20239" status="PASS">
          <reporter-output>
          </reporter-output>
        </test-method> <!-- tc1 -->
        <test-method signature="tc2()[pri:0, instance:org.inmaktest.ContactEx@62150f9e]" started-at="2023-01-07T23:10:25 IST" name="tc2" finished-at="2023-01-07T23:10:25 IST" duration-ms="3" status="PASS">
          <reporter-output>
          </reporter-output>
        </test-method> <!-- tc2 -->
        <test-method signature="tc3()[pri:0, instance:org.inmaktest.ContactEx@62150f9e]" started-at="2023-01-07T23:10:25 IST" name="tc3" finished-at="2023-01-07T23:10:26 IST" duration-ms="593" status="PASS">
          <reporter-output>
          </reporter-output>
        </test-method> <!-- tc3 -->
      </class> <!-- org.inmaktest.ContactEx -->
    </test> <!-- Default test -->
  </suite> <!-- Default suite -->
</testng-results>
